[INFO] Scanning for projects...
[INFO]                                                                         
[INFO] ------------------------------------------------------------------------
[INFO] Building OPush Gatling stress tests 2.6.0-SNAPSHOT
[INFO] ------------------------------------------------------------------------
[INFO] 
[INFO] --- versions-maven-plugin:2.0:display-dependency-updates (default-cli) @ push-gatling ---
[INFO] The following dependencies in Dependency Management are using the newest version:
[INFO]   backport-util-concurrent:backport-util-concurrent ................ 3.1
[INFO]   cglib:cglib ...................................................... 3.0
[INFO]   ch.qos.logback:logback-access ................................. 1.0.13
[INFO]   ch.qos.logback:logback-classic ................................ 1.0.13
[INFO]   ch.qos.logback:logback-core ................................... 1.0.13
[INFO]   com.excilys.ebi.gatling:gatling-app ............................ 1.5.1
[INFO]   com.excilys.ebi.gatling:gatling-recorder ....................... 1.5.1
[INFO]   com.excilys.ebi.gatling.highcharts:gatling-charts-highcharts ... 1.5.1
[INFO]   com.google.guava:guava ........................................ 14.0.1
[INFO]   com.google.guava:guava-testlib ................................ 14.0.1
[INFO]   com.google.inject:guice .......................................... 3.0
[INFO]   com.google.inject.extensions:guice-multibindings ................. 3.0
[INFO]   com.google.inject.extensions:guice-servlet ....................... 3.0
[INFO]   com.linagora.obm:client ............................... 2.6.0-SNAPSHOT
[INFO]   com.linagora.obm:common ............................... 2.6.0-SNAPSHOT
[INFO]   com.linagora.obm:utils ................................ 2.6.0-SNAPSHOT
[INFO]   commons-codec:commons-codec ...................................... 1.8
[INFO]   commons-io:commons-io ............................................ 2.4
[INFO]   commons-lang:commons-lang ........................................ 2.6
[INFO]   greenmail:greenmail .............................. 1.3.1b-mbaechler-13
[INFO]   info.cukes:cucumber-guice ...................................... 1.1.3
[INFO]   info.cukes:cucumber-java ....................................... 1.1.3
[INFO]   info.cukes:cucumber-junit ...................................... 1.1.3
[INFO]   javax.jms:jms .................................................... 1.1
[INFO]   javax.mail:mailapi ............................................. 1.4.7
[INFO]   javax.transaction:jta ............................................ 1.1
[INFO]   joda-time:joda-time .............................................. 2.2
[INFO]   junit:junit ..................................................... 4.11
[INFO]   mysql:mysql-connector-java .................................... 5.1.25
[INFO]   net.sourceforge.nekohtml:nekohtml ............................. 1.9.18
[INFO]   org.apache.james:apache-mime4j-core ............................ 0.7.2
[INFO]   org.apache.james:apache-mime4j-dom ............................. 0.7.2
[INFO]   org.apache.james:apache-mime4j-storage ......................... 0.7.2
[INFO]   org.apache.mina:mina-core ...................................... 2.0.7
[INFO]   org.codehaus.btm:btm .................................. 2.2.0-SNAPSHOT
[INFO]   org.codehaus.btm:btm-jdbc4 ............................ 2.2.0-SNAPSHOT
[INFO]   org.easymock:easymock ............................................ 3.1
[INFO]   org.easytesting:fest-assert-core .............................. 2.0M10
[INFO]   org.freemarker:freemarker ..................................... 2.3.19
[INFO]   org.hornetq:hornetq-logging ............................. 2.2.21.Final
[INFO]   org.jsoup:jsoup ................................................ 1.7.2
[INFO]   org.mnode.ical4j:ical4j ........................................ 1.0.4
[INFO]   org.ow2.asm:asm .................................................. 4.1
[INFO]   org.ow2.asm:asm-analysis ......................................... 4.1
[INFO]   org.ow2.asm:asm-tree ............................................. 4.1
[INFO]   org.ow2.asm:asm-util ............................................. 4.1
[INFO]   org.parboiled:parboiled-java ................................... 1.1.5
[INFO]   org.powermock:powermock-api-easymock ............................. 1.5
[INFO]   org.powermock:powermock-module-junit4 ............................ 1.5
[INFO]   org.slf4j:jcl-over-slf4j ....................................... 1.7.5
[INFO]   org.slf4j:jul-to-slf4j ......................................... 1.7.5
[INFO]   org.slf4j:slf4j-api ............................................ 1.7.5
[INFO]   org.slf4j:slf4j-log4j12 ........................................ 1.7.5
[INFO]   org.slf4j:slf4j-nop ............................................ 1.7.5
[INFO]   org.slf4j:slf4j-simple ......................................... 1.7.5
[INFO]   postgresql:postgresql ................................. 9.2-1002.jdbc4
[INFO]   xerces:xercesImpl ............................................. 2.11.0
[INFO]   xmlunit:xmlunit .................................................. 1.4
[INFO] 
[INFO] The following dependencies in Dependency Management have newer versions:
[INFO]   commons-httpclient:commons-httpclient .......... 3.1 -> 3.1-jbossorg-1
[INFO]   io.netty:netty ........................... 3.6.6.Final -> 4.0.0.Alpha8
[INFO]   javax.mail:mail ................................... 1.4.7 -> 1.5.0-b01
[INFO]   javax.servlet:servlet-api ......................... 2.5 -> 3.0-alpha-1
[INFO]   net.sf.ehcache:ehcache-core ........................... 2.4.8 -> 2.6.6
[INFO]   org.apache.httpcomponents:fluent-hc ............... 4.2.4 -> 4.3-beta1
[INFO]   org.apache.httpcomponents:httpclient .............. 4.2.4 -> 4.3-beta1
[INFO]   org.apache.httpcomponents:httpmime ................ 4.2.4 -> 4.3-beta1
[INFO]   org.eclipse.jetty:jetty-continuation ...
[INFO]                                      7.6.10.v20130312 -> 9.0.3.v20130506
[INFO]   org.eclipse.jetty:jetty-http ..... 7.6.10.v20130312 -> 9.0.3.v20130506
[INFO]   org.hornetq:hornetq-core ................. 2.2.21.Final -> 2.3.0.BETA1
[INFO]   org.hornetq:hornetq-core-client .......... 2.2.21.Final -> 2.3.1.Final
[INFO]   org.hornetq:hornetq-jms .................. 2.2.21.Final -> 2.3.0.BETA1
[INFO]   org.hornetq:hornetq-jms-client ........... 2.2.21.Final -> 2.3.1.Final
[INFO]   org.mortbay.jetty:jetty ......................... 6.1.25 -> 7.0.0.pre5
[INFO]   org.scala-lang:scala-library ...................... 2.9.3 -> 2.11.0-M3
[INFO] 
[INFO] The following dependencies in Dependencies are using the newest version:
[INFO]   com.google.code.findbugs:jsr305 ................................ 2.0.1
[INFO]   com.linagora.obm.opush:protocol ....................... 2.6.0-SNAPSHOT
[INFO]   com.linagora.obm.opush:push-bean ...................... 2.6.0-SNAPSHOT
[INFO]   com.linagora.obm.opush:wbxml .......................... 2.6.0-SNAPSHOT
[INFO] 
[INFO] The following dependencies in Dependencies have newer versions:
[INFO]   org.scalatest:scalatest_2.9.3 ....................... 1.9.1 -> 2.0.M5b
[INFO] 
[INFO] ------------------------------------------------------------------------
[INFO] BUILD SUCCESS
[INFO] ------------------------------------------------------------------------
[INFO] Total time: 2.054s
[INFO] Finished at: Wed Jun 05 17:34:37 CEST 2013
[INFO] Final Memory: 11M/302M
[INFO] ------------------------------------------------------------------------
